        -:    0:Source:/home/jdagostino/CProj/CFS/MKS/cfs-mission/cfe/fsw/cfe-core/src/es/cfe_es_perf.c
        -:    0:Graph:cfe_es_perf.gcno
        -:    0:Data:cfe_es_perf.gcda
        -:    0:Runs:1
        -:    0:Programs:8
        -:    1:/*
        -:    2:** File: cfe_es_perf.c
        -:    3:**
        -:    4:**      Copyright (c) 2004-2006, United States government as represented by the
        -:    5:**      administrator of the National Aeronautics Space Administration.
        -:    6:**      All rights reserved. This software(cFE) was created at NASA's Goddard
        -:    7:**      Space Flight Center pursuant to government contracts.
        -:    8:**
        -:    9:**      This software may be used only pursuant to a United States government
        -:   10:**      sponsored project and the United States government may not be charged
        -:   11:**      for use thereof.
        -:   12:**
        -:   13:**
        -:   14:** Purpose: This file contains the functions that implement the software timing
        -:   15:**  performance markers.
        -:   16:**
        -:   17:** $Log: cfe_es_perf.c.gcov  $
        -:   17:** Revision 1.3 2010/11/04 17:46:37EDT jmdagost 
        -:   17:** Updated unit test results.
        -:   18:** Revision 1.6 2010/11/04 17:19:17EDT jmdagost 
        -:   19:** Updated Performance Analyzer cmd to use Trigger Mode parameter.
        -:   20:** Revision 1.5 2010/11/04 14:11:56EDT acudmore 
        -:   21:** Swapped arguments to CFE_PSP_Get_Timebase - They were wrong.
        -:   22:** Revision 1.4 2010/09/21 16:09:40EDT jmdagost 
        -:   23:** Added cfe_es_start.h.
        -:   24:** Revision 1.3 2009/07/28 17:17:41EDT jmdagost 
        -:   25:** Changed initial trigger mask and filter mask entries to use definitions instead of hard-coded values
        -:   26:** Revision 1.2 2009/06/10 09:08:58EDT acudmore 
        -:   27:** Converted OS_Mem* and OS_BSP* API to CFE_PSP_* API
        -:   28:** Revision 1.1 2008/04/17 08:05:07EDT ruperera 
        -:   29:** Initial revision
        -:   30:** Member added to project c:/MKSDATA/MKS-REPOSITORY/MKS-CFE-PROJECT/fsw/cfe-core/src/es/project.pj
        -:   31:** Revision 1.24.1.4 2008/01/24 11:08:15EST njyanchik 
        -:   32:** I changed the creation of the file to the main task, so if it fails being created and opened, the error
        -:   33:** is reported from the main task and the correct counter can be incremented. The file desciptor is
        -:   34:** passed to the child task in the same structure as the file name.
        -:   35:** Revision 1.24.1.3 2007/09/21 15:40:21EDT David Kobe (dlkobe) 
        -:   36:** Modified pointer type definitions to eliminate Linux gcc compile warnings
        -:   37:** Revision 1.24.1.2 2007/09/21 13:33:17EDT rjmcgraw 
        -:   38:** DCR5037 Replace hardcoded numbers with new BSP function calls in PerfLogAdd
        -:   39:** Revision 1.24.1.1 2007/09/17 15:08:45EDT rjmcgraw
        -:   40:** DCR4900:3 Fixed trigger mask cmd, was incrementing cmd counter by two
        -:   41:** Revision 1.24 2007/08/31 10:57:21EDT rjmcgraw
        -:   42:** Changes to eliminate perl script
        -:   43:** Revision 1.23 2007/06/05 14:13:21EDT rjmcgraw
        -:   44:** Fixed file write parameter in the meta data write step
        -:   45:** Revision 1.22 2007/05/11 09:36:17EDT rjmcgraw
        -:   46:** Added 'in progress' checks to start and stop cmd
        -:   47:** Revision 1.21 2007/04/20 14:23:28EDT rjmcgraw
        -:   48:** Renamed performance structs for consistency
        -:   49:** Revision 1.20 2007/04/19 13:51:02EDT rjmcgraw
        -:   50:** Fixed Datafile pointer problem
        -:   51:** Revision 1.19 2007/04/17 10:57:59EDT rjmcgraw
        -:   52:** Added child task to do small block writes of performance data
        -:   53:** Revision 1.18 2007/04/11 16:42:33EDT rjmcgraw
        -:   54:** Added function CFE_ES_InvalidMarkerReported
        -:   55:** Revision 1.17 2007/04/10 13:56:01EDT rjmcgraw
        -:   56:** Removed Entry and Exit function definitions
        -:   57:** Revision 1.16 2007/04/06 14:50:10EDT rjmcgraw
        -:   58:** Event id name changes
        -:   59:** Revision 1.15 2007/04/04 08:14:53EDT njyanchik
        -:   60:** In DCR 3190, two API's were changed in the OSAL for locking out interrupts.
        -:   61:** This change package changes TIME's and ES's use of those APIs
        -:   62:** Revision 1.14 2007/04/03 11:46:38EDT apcudmore
        -:   63:** Added unique envent IDs and updated event calls.
        -:   64:**
        -:   65:*/
        -:   66:
        -:   67:/*
        -:   68:** Include Section
        -:   69:*/
        -:   70:
        -:   71:#include "osapi.h"
        -:   72:#include "cfe_es_perf.h"
        -:   73:#include "cfe_es_log.h"
        -:   74:#include "cfe_es_global.h"
        -:   75:#include "cfe_es_start.h"
        -:   76:#include "cfe_es_events.h"
        -:   77:#include "cfe_es_task.h"
        -:   78:#include "cfe_fs.h"
        -:   79:#include "cfe.h"
        -:   80:#include "cfe_psp.h"
        -:   81:#include <string.h>
        -:   82:
        -:   83:
        -:   84:/*
        -:   85:** Executive Services (ES) task global data.
        -:   86:*/
        -:   87:extern CFE_ES_TaskData_t CFE_ES_TaskData;
        -:   88:
        -:   89:/*
        -:   90:** Pointer to performance log in the reset area
        -:   91:*/
        -:   92:CFE_ES_PerfData_t      *Perf;
        -:   93:CFE_ES_PerfLogDump_t    CFE_ES_PerfLogDumpStatus;
        -:   94:
        -:   95:/* * * * * * * * * * * * * * * * * * * * * * * * * * * * * * * * * * * * * * * * */
        -:   96:/* Name: CFE_ES_SetupPerfVariables                                               */
        -:   97:/*                                                                               */
        -:   98:/* Purpose:This function initializes filter mask,trigger mask, data & state vals */
        -:   99:/*                                                                               */
        -:  100:/* Assumptions and Notes: This gets called from CFE_ES_Main() at startup         */
        -:  101:/* This code must be called before any other task or code that would use         */
        -:  102:/* CFE_ES_PerfLogEntry() / CFE_ES_PerfLogExit() functions                        */
        -:  103:/*                                                                               */
        -:  104:/* * * * * * * * * * * * * * * * * * * * * * * * * * * * * * * * * * * * * * * * */
        -:  105:void CFE_ES_SetupPerfVariables(uint32 ResetType)
        4:  106:{
        -:  107:
        -:  108:    uint32      i;
        -:  109:
        -:  110:    /*
        -:  111:    ** Set the pointer to the data area
        -:  112:    */
        4:  113:    Perf = (CFE_ES_PerfData_t *)&(CFE_ES_ResetDataPtr->Perf);
        -:  114:
        4:  115:    if ( ResetType == CFE_ES_PROCESSOR_RESET )
        -:  116:    {
        -:  117:       /*
        -:  118:       ** On a processor reset, just IDLE the data
        -:  119:       ** collection so the ground can dump the data
        -:  120:       */
        1:  121:       Perf->MetaData.State = CFE_ES_PERF_IDLE;
        -:  122:    }
        -:  123:    else
        -:  124:    {
        -:  125:
        3:  126:       Perf->MetaData.Version = 1;
        -:  127:#ifdef SOFTWARE_BIG_BIT_ORDER
        -:  128:       Perf->MetaData.Endian = 1;
        -:  129:#else
        3:  130:       Perf->MetaData.Endian = 0;
        -:  131:#endif
        3:  132:       Perf->MetaData.TimerTicksPerSecond = CFE_PSP_GetTimerTicksPerSecond();
        3:  133:       Perf->MetaData.TimerLow32Rollover = CFE_PSP_GetTimerLow32Rollover();
        -:  134:
        -:  135:       /* set data collection state to waiting for command state */
        3:  136:       Perf->MetaData.State = CFE_ES_PERF_IDLE;
        3:  137:       Perf->MetaData.Mode = CFE_ES_PERF_TRIGGER_START;
        3:  138:       Perf->MetaData.TriggerCount = 0;
        3:  139:       Perf->MetaData.DataStart = 0;
        3:  140:       Perf->MetaData.DataEnd = 0;
        3:  141:       Perf->MetaData.DataCount = 0;
        3:  142:       Perf->MetaData.InvalidMarkerReported = FALSE;
        3:  143:       Perf->MetaData.FilterTriggerMaskSize = CFE_ES_PERF_32BIT_WORDS_IN_MASK;
        -:  144:
       15:  145:       for (i=0; i < CFE_ES_PERF_32BIT_WORDS_IN_MASK; i++)
        -:  146:       {
       12:  147:          Perf->MetaData.FilterMask[i]  = CFE_ES_PERF_FILTMASK_INIT;
       12:  148:          Perf->MetaData.TriggerMask[i] = CFE_ES_PERF_TRIGMASK_INIT;
        -:  149:       }
        -:  150:
        -:  151:    }
        -:  152:
        4:  153:    CFE_ES_PerfLogDumpStatus.DataToWrite = 0;
        4:  154:    CFE_ES_PerfLogDumpStatus.ChildID = 0;
        4:  155:    CFE_ES_PerfLogDumpStatus.DataFileName[0] = '\0';
        4:  156:}
        -:  157:
        -:  158:/* * * * * * * * * * * * * * * * * * * * * * * * * * * * * * * * * * * * * * * * */
        -:  159:/*                                                                               */
        -:  160:/* CFE_ES_PerfStartDataCmd() --                                                  */
        -:  161:/*                                                                               */
        -:  162:/* * * * * * * * * * * * * * * * * * * * * * * * * * * * * * * * * * * * * * * * */
        7:  163:void CFE_ES_PerfStartDataCmd(CFE_SB_MsgPtr_t msg){
        -:  164:
        7:  165:   uint16 ExpectedLength = sizeof(CFE_ES_PerfStartCmd_t);
        7:  166:   CFE_ES_PerfStartCmd_t *CmdPtr = (CFE_ES_PerfStartCmd_t *)msg;
        -:  167:
        -:  168:   /*
        -:  169:    ** Verify command packet length.
        -:  170:    */
        7:  171:    if (CFE_ES_VerifyCmdLength(msg, ExpectedLength))
        -:  172:    {
        -:  173:      /* Ensure there is no file write in progress before proceeding */
        7:  174:      if(CFE_ES_PerfLogDumpStatus.DataToWrite == 0)
        -:  175:      {
        -:  176:          /* Make sure Trigger Mode is valid */
        6:  177:          if ((CmdPtr->TriggerMode >= CFE_ES_PERF_TRIGGER_START) && (CmdPtr->TriggerMode < CFE_ES_PERF_MAX_MODES))
        -:  178:          {
        -:  179:
        4:  180:             CFE_ES_TaskData.CmdCounter++;
        -:  181:
        4:  182:             Perf->MetaData.Mode = CmdPtr->TriggerMode;
        4:  183:             Perf->MetaData.TriggerCount = 0;
        4:  184:             Perf->MetaData.DataStart = 0;
        4:  185:             Perf->MetaData.DataEnd = 0;
        4:  186:             Perf->MetaData.DataCount = 0;
        4:  187:             Perf->MetaData.InvalidMarkerReported = FALSE;
        4:  188:             Perf->MetaData.State = CFE_ES_PERF_WAITING_FOR_TRIGGER; /* this must be done last */
        -:  189:
        4:  190:             CFE_EVS_SendEvent(CFE_ES_PERF_STARTCMD_EID, CFE_EVS_DEBUG,
        -:  191:                                 "Start collecting performance data cmd received, trigger mode = %d", 
        -:  192:                                 CmdPtr->TriggerMode);
        -:  193:          }
        -:  194:          else
        -:  195:          {
        2:  196:             CFE_ES_TaskData.ErrCounter++;
        2:  197:             CFE_EVS_SendEvent(CFE_ES_PERF_STARTCMD_TRIG_ERR_EID, CFE_EVS_ERROR,
        -:  198:                  "Cannot start collecting performance data, trigger mode (%d) out of range (%d to %d)", 
        -:  199:                  CmdPtr->TriggerMode, CFE_ES_PERF_TRIGGER_START, CFE_ES_PERF_TRIGGER_END);
        -:  200:          }/* end if */
        -:  201:       }
        -:  202:       else
        -:  203:       {
        1:  204:          CFE_ES_TaskData.ErrCounter++;
        1:  205:          CFE_EVS_SendEvent(CFE_ES_PERF_STARTCMD_ERR_EID, CFE_EVS_ERROR,
        -:  206:               "Cannot start collecting performance data,perf data write in progress");
        -:  207:       } /* end if */
        -:  208:    }/* end if */
        -:  209:
        7:  210:} /* End of CFE_ES_PerfStartDataCmd() */
        -:  211:
        -:  212:
        -:  213:/* * * * * * * * * * * * * * * * * * * * * * * * * * * * * * * * * * * * * * * * */
        -:  214:/*                                                                               */
        -:  215:/* CFE_ES_PerfStopDataCmd() --                                                   */
        -:  216:/*                                                                               */
        -:  217:/* * * * * * * * * * * * * * * * * * * * * * * * * * * * * * * * * * * * * * * * */
        5:  218:void CFE_ES_PerfStopDataCmd(CFE_SB_MsgPtr_t Msg){
        -:  219:
        5:  220:    CFE_ES_PerfStopCmd_t  *CmdPtr = (CFE_ES_PerfStopCmd_t *)Msg;
        5:  221:    uint16 ExpectedLength = sizeof(CFE_ES_PerfStopCmd_t);
        -:  222:    int32 Stat;
        -:  223:    
        -:  224:    /*
        -:  225:    ** Verify command packet length.
        -:  226:    */
        5:  227:    if (CFE_ES_VerifyCmdLength(Msg, ExpectedLength))
        -:  228:    {
        -:  229:
        -:  230:      /* Ensure there is no file write in progress before proceeding */
        5:  231:      if(CFE_ES_PerfLogDumpStatus.DataToWrite == 0)
        -:  232:      {
        4:  233:          Perf->MetaData.State = CFE_ES_PERF_IDLE;
        -:  234:
        4:  235:          if(CmdPtr->DataFileName[0]=='\0')
        -:  236:          {
        3:  237:              strncpy(&CFE_ES_PerfLogDumpStatus.DataFileName[0],
        -:  238:                      CFE_ES_DEFAULT_PERF_DUMP_FILENAME,OS_MAX_PATH_LEN);
        -:  239:          }
        -:  240:          else
        -:  241:          {
        1:  242:              CmdPtr->DataFileName[OS_MAX_PATH_LEN - 1] = '\0';
        1:  243:              strncpy(&CFE_ES_PerfLogDumpStatus.DataFileName[0], &CmdPtr->DataFileName[0],OS_MAX_PATH_LEN);
        -:  244:          }/* end if */
        -:  245:          
        -:  246:          
        -:  247:          
        -:  248:          /* Create the file to dump to */
        4:  249:          CFE_ES_PerfLogDumpStatus.DataFileDescriptor = OS_creat(&CFE_ES_PerfLogDumpStatus.DataFileName[0], OS_WRITE_ONLY);
        -:  250:          
        -:  251:          
        4:  252:          if(CFE_ES_PerfLogDumpStatus.DataFileDescriptor < 0)
        -:  253:          {
        1:  254:              CFE_ES_TaskData.ErrCounter++;
        1:  255:              CFE_EVS_SendEvent(CFE_ES_PERF_LOG_ERR_EID,CFE_EVS_ERROR,
        -:  256:                                "Error creating file %s, RC = 0x%08X",
        -:  257:                                &CFE_ES_PerfLogDumpStatus.DataFileName[0], CFE_ES_PerfLogDumpStatus.DataFileDescriptor);
        -:  258:          }
        -:  259:          else
        -:  260:          {
        -:  261:          
        -:  262:              /* Spawn a task to write the performance data to a file */
        3:  263:              Stat = CFE_ES_CreateChildTask(&CFE_ES_PerfLogDumpStatus.ChildID,
        -:  264:                                            CFE_ES_PERF_CHILD_NAME,
        -:  265:                                            CFE_ES_PerfLogDump,
        -:  266:                                            CFE_ES_PERF_CHILD_STACK_PTR,
        -:  267:                                            CFE_ES_PERF_CHILD_STACK_SIZE,
        -:  268:                                            CFE_ES_PERF_CHILD_PRIORITY,
        -:  269:                                            CFE_ES_PERF_CHILD_FLAGS);
        -:  270:
        3:  271:              if(Stat == CFE_SUCCESS)
        -:  272:              {
        -:  273:                  /* Note: the file gets closed in the child task */
        2:  274:                  CFE_ES_TaskData.CmdCounter++;
        2:  275:                  CFE_EVS_SendEvent(CFE_ES_PERF_STOPCMD_EID,CFE_EVS_DEBUG,
        -:  276:                                    "Perf Stop Cmd Rcvd,%s will write %d entries.%dmS dly every %d entries",
        -:  277:                                    CFE_ES_PERF_CHILD_NAME,Perf->MetaData.DataCount,
        -:  278:                                    CFE_ES_PERF_CHILD_MS_DELAY,CFE_ES_PERF_ENTRIES_BTWN_DLYS);
        -:  279:              }
        -:  280:              else
        -:  281:              {
        -:  282:                  /* close the fd */
        1:  283:                  OS_close( CFE_ES_PerfLogDumpStatus.DataFileDescriptor);
        1:  284:                  CFE_ES_TaskData.ErrCounter++;
        1:  285:                  CFE_EVS_SendEvent(CFE_ES_PERF_STOPCMD_ERR1_EID, CFE_EVS_ERROR,
        -:  286:                                    "Stop performance data cmd,Error creating child task RC=0x%08X",Stat);
        -:  287:              }/* end if */
        -:  288:
        -:  289:          }/* end if fd < 0 */
        -:  290:          
        -:  291:      }/* if data to write == 0 */
        -:  292:      else
        -:  293:      {
        -:  294:
        1:  295:          CFE_ES_TaskData.ErrCounter++;
        1:  296:          CFE_EVS_SendEvent(CFE_ES_PERF_STOPCMD_ERR2_EID, CFE_EVS_ERROR,
        -:  297:                   "Stop performance data cmd ignored,perf data write in progress");
        -:  298:      }/* end if */
        -:  299:
        -:  300:    }/* end VerifyCmdLength */
        -:  301:
        5:  302:} /* End of CFE_ES_PerfStopDataCmd() */
        -:  303:
        -:  304:
        -:  305:/* * * * * * * * * * * * * * * * * * * * * * * * * * * * * * * * * * * * * * * * */
        -:  306:/*  Function:  CFE_ES_PerfLogDump()                                              */
        -:  307:/*                                                                               */
        -:  308:/*  Purpose:                                                                     */
        -:  309:/*    Write performance data to a file                                           */
        -:  310:/*                                                                               */
        -:  311:/*  Arguments:                                                                   */
        -:  312:/*    None                                                                       */
        -:  313:/*                                                                               */
        -:  314:/* * * * * * * * * * * * * * * * * * * * * * * * * * * * * * * * * * * * * * * * */
        2:  315:void CFE_ES_PerfLogDump(void){
        -:  316:
        -:  317:    int32               WriteStat;
        -:  318:    uint32              i;
        -:  319:    uint32              FileSize;
        -:  320:    CFE_FS_Header_t     FileHdr;
        -:  321:
        2:  322:    CFE_ES_RegisterChildTask();
        -:  323:
        -:  324:
        -:  325:    /* Zero cFE header, then fill in fields */
        2:  326:    CFE_PSP_MemSet(&FileHdr, 0, sizeof(CFE_FS_Header_t));
        2:  327:    strcpy(&FileHdr.Description[0], CFE_ES_PERF_LOG_DESC);
        2:  328:    FileHdr.SubType = CFE_FS_ES_PERFDATA_SUBTYPE;
        -:  329:
        -:  330:    /* write the cFE header to the file */
        2:  331:    WriteStat = CFE_FS_WriteHeader( CFE_ES_PerfLogDumpStatus.DataFileDescriptor, &FileHdr);
        2:  332:    if(WriteStat != sizeof(CFE_FS_Header_t))
        -:  333:    {
        1:  334:        CFE_ES_FileWriteByteCntErr(&CFE_ES_PerfLogDumpStatus.DataFileName[0],
        -:  335:                                   sizeof(CFE_FS_Header_t),WriteStat);
        -:  336:        
        1:  337:        OS_close(CFE_ES_PerfLogDumpStatus.DataFileDescriptor);
        1:  338:        CFE_ES_ExitChildTask();
        -:  339:    }/* end if */
        2:  340:    FileSize = WriteStat;
        -:  341:
        -:  342:    /* write the performance metadata to the file */
        2:  343:    WriteStat = OS_write(CFE_ES_PerfLogDumpStatus.DataFileDescriptor,(uint8 *)&Perf->MetaData,sizeof(CFE_ES_PerfMetaData_t));
        2:  344:    if(WriteStat != sizeof(CFE_ES_PerfMetaData_t))
        -:  345:    {
        1:  346:        CFE_ES_FileWriteByteCntErr(&CFE_ES_PerfLogDumpStatus.DataFileName[0],
        -:  347:                                   sizeof(CFE_ES_PerfMetaData_t),WriteStat);
        1:  348:        OS_close(CFE_ES_PerfLogDumpStatus.DataFileDescriptor);
        1:  349:        CFE_ES_ExitChildTask();
        -:  350:    }/* end if */
        2:  351:    FileSize += WriteStat;
        -:  352:
        2:  353:    CFE_ES_PerfLogDumpStatus.DataToWrite = Perf->MetaData.DataCount;
        -:  354:
        -:  355:    /* write the collected data to the file */
        9:  356:    for(i=0; i < Perf->MetaData.DataCount; i++){
        7:  357:      WriteStat = OS_write (CFE_ES_PerfLogDumpStatus.DataFileDescriptor, &Perf->DataBuffer[i], sizeof(CFE_ES_PerfDataEntry_t));
        7:  358:      if(WriteStat != sizeof(CFE_ES_PerfDataEntry_t))
        -:  359:      {
        7:  360:        CFE_ES_FileWriteByteCntErr(&CFE_ES_PerfLogDumpStatus.DataFileName[0],
        -:  361:                                   sizeof(CFE_ES_PerfDataEntry_t),WriteStat);
        7:  362:        OS_close(CFE_ES_PerfLogDumpStatus.DataFileDescriptor);
        7:  363:        CFE_ES_ExitChildTask();
        -:  364:      }/* end if */
        7:  365:      FileSize += WriteStat;
        7:  366:      CFE_ES_PerfLogDumpStatus.DataToWrite--;
        7:  367:      if((i % CFE_ES_PERF_ENTRIES_BTWN_DLYS) == 0){
        1:  368:        OS_TaskDelay(CFE_ES_PERF_CHILD_MS_DELAY);
        -:  369:      }/* end if */
        -:  370:
        -:  371:    }/* end for */
        -:  372:
        2:  373:    OS_close(CFE_ES_PerfLogDumpStatus.DataFileDescriptor);
        -:  374:
        2:  375:    CFE_EVS_SendEvent(CFE_ES_PERF_DATAWRITTEN_EID,CFE_EVS_DEBUG,
        -:  376:                      "%s written:Size=%d,EntryCount=%d",
        -:  377:                       &CFE_ES_PerfLogDumpStatus.DataFileName[0],FileSize,
        -:  378:                       Perf->MetaData.DataCount);
        -:  379:
        2:  380:    CFE_ES_ExitChildTask();
        -:  381:
        2:  382:}/* end CFE_ES_PerfLogDump */
        -:  383:
        -:  384:/* * * * * * * * * * * * * * * * * * * * * * * * * * * * * * * * * * * * * * * * */
        -:  385:/*                                                                               */
        -:  386:/* CFE_ES_PerfSetFilterMaskCmd() --                                              */
        -:  387:/*                                                                               */
        -:  388:/* * * * * * * * * * * * * * * * * * * * * * * * * * * * * * * * * * * * * * * * */
        2:  389:void CFE_ES_PerfSetFilterMaskCmd(CFE_SB_MsgPtr_t msg){
        -:  390:
        2:  391:    uint16 ExpectedLength = sizeof(CFE_ES_PerfSetFilterMaskCmd_t);
        2:  392:    CFE_ES_PerfSetFilterMaskCmd_t *cmd = (CFE_ES_PerfSetFilterMaskCmd_t *) msg;
        -:  393:
        -:  394:    /*
        -:  395:    ** Verify command packet length.
        -:  396:    */
        2:  397:    if (CFE_ES_VerifyCmdLength(msg, ExpectedLength))
        -:  398:    {
        -:  399:
        2:  400:         if(cmd->FilterMaskNum < CFE_ES_PERF_32BIT_WORDS_IN_MASK ){
        -:  401:
        1:  402:            Perf->MetaData.FilterMask[cmd->FilterMaskNum] = cmd->FilterMask;
        -:  403:
        1:  404:            CFE_EVS_SendEvent(CFE_ES_PERF_FILTMSKCMD_EID, CFE_EVS_DEBUG,
        -:  405:                        "Set Performance Filter Mask Cmd rcvd, num %d, val 0x%x",
        -:  406:                        cmd->FilterMaskNum,cmd->FilterMaskNum);
        -:  407:
        1:  408:            CFE_ES_TaskData.CmdCounter++;
        -:  409:         }else{
        1:  410:            CFE_EVS_SendEvent(CFE_ES_PERF_FILTMSKERR_EID, CFE_EVS_ERROR,
        -:  411:                      "Performance Filter Mask Cmd Error,Index(%d)out of range(%d)",
        -:  412:                      cmd->FilterMaskNum,CFE_ES_PERF_32BIT_WORDS_IN_MASK);
        -:  413:
        1:  414:            CFE_ES_TaskData.ErrCounter++;
        -:  415:
        -:  416:        }
        -:  417:    }
        2:  418:} /* End of CFE_ES_PerfSetFilterMaskCmd() */
        -:  419:
        -:  420:/* * * * * * * * * * * * * * * * * * * * * * * * * * * * * * * * * * * * * * * * */
        -:  421:/*                                                                               */
        -:  422:/* CFE_ES_PerfSetTriggerMaskCmd() --                                             */
        -:  423:/*                                                                               */
        -:  424:/* * * * * * * * * * * * * * * * * * * * * * * * * * * * * * * * * * * * * * * * */
        3:  425:void CFE_ES_PerfSetTriggerMaskCmd(CFE_SB_MsgPtr_t msg){
        -:  426:
        3:  427:   uint16 ExpectedLength = sizeof(CFE_ES_PerfSetTrigMaskCmd_t);
        3:  428:   CFE_ES_PerfSetTrigMaskCmd_t *cmd = (CFE_ES_PerfSetTrigMaskCmd_t *) msg;
        -:  429:
        -:  430:   /*
        -:  431:    ** Verify command packet length.
        -:  432:    */
        3:  433:    if (CFE_ES_VerifyCmdLength(msg, ExpectedLength))
        -:  434:    {
        -:  435:
        3:  436:       if(cmd->TriggerMaskNum < CFE_ES_PERF_32BIT_WORDS_IN_MASK ){
        -:  437:
        2:  438:            Perf->MetaData.TriggerMask[cmd->TriggerMaskNum] = cmd->TriggerMask;
        -:  439:
        2:  440:            CFE_EVS_SendEvent(CFE_ES_PERF_TRIGMSKCMD_EID, CFE_EVS_DEBUG,
        -:  441:                      "Set Performance Trigger Mask Cmd rcvd,num %d, val 0x%x",
        -:  442:                      cmd->TriggerMaskNum,cmd->TriggerMaskNum);
        -:  443:
        2:  444:            CFE_ES_TaskData.CmdCounter++;
        -:  445:
        -:  446:       }else{
        1:  447:           CFE_EVS_SendEvent(CFE_ES_PERF_TRIGMSKERR_EID, CFE_EVS_ERROR,
        -:  448:                      "Performance Trigger Mask Cmd Error,Index(%d)out of range(%d)",
        -:  449:                      cmd->TriggerMaskNum,CFE_ES_PERF_32BIT_WORDS_IN_MASK);
        -:  450:
        1:  451:            CFE_ES_TaskData.ErrCounter++;
        -:  452:       }
        -:  453:    }
        3:  454:} /* End of CFE_ES_PerfSetTriggerMaskCmd() */
        -:  455:
        -:  456:
        -:  457:/* * * * * * * * * * * * * * * * * * * * * * * * * * * * * * * * * * * * * * * * */
        -:  458:/* Name: CFE_ES_PerfLogAdd                                                       */
        -:  459:/*                                                                               */
        -:  460:/* Purpose: This function adds a new entry to the data buffer.                   */
        -:  461:/*                                                                               */
        -:  462:/* Assumptions and Notes:                                                        */
        -:  463:/*                                                                               */
        -:  464:/*  This function implements a circular buffer using an array.                   */
        -:  465:/*      DataStart points to first stored entry                                   */
        -:  466:/*      DataEnd points to next available entry                                   */
        -:  467:/*      if DataStart == DataEnd then the buffer is either empty or full          */
        -:  468:/*      depending on the value of the DataCount                                  */
        -:  469:/*                                                                               */
        -:  470:/*  Time is stored as 2 32 bit integers, (TimerLower32, TimerUpper32):           */
        -:  471:/*      TimerLower32 is the curent value of the hardware timer register.         */
        -:  472:/*      TimerUpper32 is the number of times the timer has rolled over.           */
        -:  473:/*                                                                               */
        -:  474:/*  Time is stored as a absolute time instead of a relative time between log     */
        -:  475:/*  entries. This will yield better accuracy since storing relative time between */
        -:  476:/*  entries will accumulate (rounding/sampling) errors over time.  It also is    */
        -:  477:/*  faster since the time does not need to be calculated.                        */
        -:  478:/*                                                                               */
        -:  479:/* * * * * * * * * * * * * * * * * * * * * * * * * * * * * * * * * * * * * * * * */
        -:  480:void CFE_ES_PerfLogAdd(uint32 Marker, uint32 EntryExit)
       14:  481:{
        -:  482:    int32         IntFlags;
        -:  483:
       14:  484:    if (Perf->MetaData.State != CFE_ES_PERF_IDLE) {
        -:  485:
        -:  486:        /* if marker is out of range... */
        4:  487:        if(Marker >= CFE_ES_PERF_MAX_IDS){
        -:  488:
        -:  489:          /* if marker has not been reported previously ... */
        1:  490:          if(Perf->MetaData.InvalidMarkerReported == FALSE){
        1:  491:            CFE_ES_WriteToSysLog("ES PERF:Invalid performance marker %d,max is %d\n",
        -:  492:                                  Marker,(CFE_ES_PERF_MAX_IDS - 1));
        1:  493:            Perf->MetaData.InvalidMarkerReported = TRUE;
        -:  494:          }/* end if */
        -:  495:
        1:  496:          return;
        -:  497:
        -:  498:        }/* end if */
        -:  499:
        -:  500:
        -:  501:        /* is this id filtered */
        3:  502:        if (CFE_ES_TEST_LONG_MASK(Perf->MetaData.FilterMask, Marker)) {
        -:  503:
        -:  504:           /* disable interrupts to guarentee exclusive access to the data structures */
        3:  505:            IntFlags = OS_IntLock();
        -:  506:
        3:  507:            Perf->DataBuffer[Perf->MetaData.DataEnd].Data = (Marker | (EntryExit << CFE_ES_PERF_EXIT_BIT));
        3:  508:            CFE_PSP_Get_Timebase((uint32*)&Perf->DataBuffer[Perf->MetaData.DataEnd].TimerUpper32,(uint32*)&Perf->DataBuffer[Perf->MetaData.DataEnd].TimerLower32);
        -:  509:
        3:  510:            Perf->MetaData.DataEnd++;
        3:  511:            if (Perf->MetaData.DataEnd >= CFE_ES_PERF_DATA_BUFFER_SIZE) {
        1:  512:                Perf->MetaData.DataEnd = 0;
        -:  513:            }
        -:  514:
        -:  515:            /* we have filled up the buffer */
        3:  516:            Perf->MetaData.DataCount++;
        3:  517:            if (Perf->MetaData.DataCount > CFE_ES_PERF_DATA_BUFFER_SIZE) {
        -:  518:
        3:  519:                Perf->MetaData.DataCount = CFE_ES_PERF_DATA_BUFFER_SIZE;
        -:  520:
        -:  521:                /* after the buffer fills up start and end point to the same entry since we
        -:  522:                   are now overwriting old data */
        3:  523:                Perf->MetaData.DataStart = Perf->MetaData.DataEnd;
        -:  524:            }
        -:  525:
        -:  526:            /* waiting for trigger */
        3:  527:            if (Perf->MetaData.State == CFE_ES_PERF_WAITING_FOR_TRIGGER) {
        -:  528:
        1:  529:                if (CFE_ES_TEST_LONG_MASK(Perf->MetaData.TriggerMask, Marker)) {
        1:  530:                    Perf->MetaData.State = CFE_ES_PERF_TRIGGERED;
        -:  531:                }
        -:  532:            }
        -:  533:            /* triggered */
        3:  534:            if (Perf->MetaData.State == CFE_ES_PERF_TRIGGERED) {
        -:  535:
        3:  536:                Perf->MetaData.TriggerCount++;
        3:  537:                if (Perf->MetaData.Mode == CFE_ES_PERF_TRIGGER_START) {
        -:  538:
        1:  539:                    if (Perf->MetaData.TriggerCount >= CFE_ES_PERF_DATA_BUFFER_SIZE) {
        1:  540:                        Perf->MetaData.State = CFE_ES_PERF_IDLE;
        -:  541:                    }
        -:  542:                }
        2:  543:                else if (Perf->MetaData.Mode == CFE_ES_PERF_TRIGGER_CENTER) {
        -:  544:
        1:  545:                    if (Perf->MetaData.TriggerCount >= CFE_ES_PERF_DATA_BUFFER_SIZE / 2) {
        1:  546:                        Perf->MetaData.State = CFE_ES_PERF_IDLE;
        -:  547:                    }
        -:  548:                }
        1:  549:                else if (Perf->MetaData.Mode == CFE_ES_PERF_TRIGGER_END) {
        -:  550:
        1:  551:                    Perf->MetaData.State = CFE_ES_PERF_IDLE;
        -:  552:                }
        -:  553:            }
        -:  554:
        -:  555:            /* enable interrupts */
        3:  556:            OS_IntUnlock(IntFlags);
        -:  557:        }
        -:  558:    }
        -:  559:}/* end CFE_ES_PerfLogAdd */
        -:  560:
        -:  561:
