        -:    0:Source:/Users/rmcgraw/Projects/cFE/fsw/cfe-core/src/sb/cfe_sb_init.c
        -:    0:Graph:cfe_sb_init.gcno
        -:    0:Data:cfe_sb_init.gcda
        -:    0:Runs:1
        -:    0:Programs:3
        -:    1:/******************************************************************************
        -:    2:** File: cfe_sb_init.c
        -:    3:**
        -:    4:**      Copyright (c) 2004-2006, United States government as represented by the
        -:    5:**      administrator of the National Aeronautics Space Administration.
        -:    6:**      All rights reserved. This software(cFE) was created at NASA’s Goddard
        -:    7:**      Space Flight Center pursuant to government contracts.
        -:    8:**
        -:    9:**      This software may be used only pursuant to a United States government
        -:   10:**      sponsored project and the United States government may not be charged
        -:   11:**      for use thereof.
        -:   12:**
        -:   13:**
        -:   14:** Purpose:
        -:   15:**      This file contains the source code for the SB Initialization.
        -:   16:**
        -:   17:** Author:   R.McGraw/SSI
        -:   18:**
        -:   19:** $Log: cfe_sb_init.c.gcov  $
        -:   19:** Revision 1.3 2009/05/07 15:22:42EDT rmcgraw 
        -:   19:** DCR7366:1 Unit test results for post 5.2 build
        -:   20:** Revision 1.6 2009/03/30 10:48:48EDT rmcgraw 
        -:   21:** DCR5801:2Added missing \n in mutex-creation-failed sys log msg
        -:   22:** Revision 1.5 2009/02/11 14:21:43EST rmcgraw 
        -:   23:** DCR6269:1 Changes for new SB defined mem pool sizes
        -:   24:** Revision 1.4 2009/02/06 11:29:05EST rmcgraw 
        -:   25:** DCR5801:2 General Cleanup
        -:   26:** Revision 1.3 2009/02/03 11:06:59EST rmcgraw 
        -:   27:** DCR5801:2 Changed destination desciptors from array based to linked list
        -:   28:** Revision 1.2 2009/01/30 10:35:39EST rmcgraw 
        -:   29:** DCR5801:1 Initialize destinations to zero
        -:   30:** Revision 1.1 2008/04/17 08:05:31EDT ruperera 
        -:   31:** Initial revision
        -:   32:** Member added to cfe project on tlserver3
        -:   33:** Revision 1.27 2007/09/13 09:38:20EDT rjmcgraw 
        -:   34:** Initialized new StopRecurseFlags array
        -:   35:** Revision 1.26 2007/07/12 17:03:49EDT rjmcgraw 
        -:   36:** DCR4680:1 Removed Event log mutes creation
        -:   37:** Revision 1.25 2007/06/04 13:24:07EDT rjmcgraw 
        -:   38:** DCR4473:1 Moved SB stat initialization from task init to early init
        -:   39:** Revision 1.24 2007/05/18 16:11:17EDT rjmcgraw 
        -:   40:** DCR3052:9 Moved initialization of subscription report state from app init to 
        -:   41:** early init
        -:   42:** Revision 1.23 2007/04/26 09:25:31EDT rjmcgraw 
        -:   43:** Changed EarlyInit to report and return errors
        -:   44:** Revision 1.22 2006/10/16 14:30:54EDT rjmcgraw 
        -:   45:** Minor changes to comply with MISRA standard
        -:   46:** Revision 1.21 2006/09/01 11:08:11EDT kkaudra 
        -:   47:** IV&V:Removed cfe_evs.h
        -:   48:** Revision 1.20 2006/07/26 07:51:53EDT rjmcgraw 
        -:   49:** Changed status format from dec to hex
        -:   50:**
        -:   51:******************************************************************************/
        -:   52:
        -:   53:/*
        -:   54:**  Include Files
        -:   55:*/
        -:   56:
        -:   57:#include "cfe_sb_priv.h"
        -:   58:#include "cfe_sb.h"
        -:   59:#include "osapi.h"
        -:   60:#include "cfe_msgids.h"
        -:   61:#include "cfe_es.h"
        -:   62:#include "cfe_error.h"
        -:   63:#include "cfe_sb_events.h"
        -:   64:#include "cfe_platform_cfg.h"
        -:   65:
        -:   66:/*
        -:   67:**  External Declarations
        -:   68:*/
        -:   69:
        -:   70:extern cfe_sb_t         CFE_SB;
        -:   71:
        -:   72:uint32 CFE_SB_MemPoolDefSize[CFE_ES_MAX_MEMPOOL_BLOCK_SIZES] = 
        -:   73:{
        -:   74:    CFE_SB_MAX_BLOCK_SIZE,
        -:   75:    CFE_SB_MEM_BLOCK_SIZE_16,
        -:   76:    CFE_SB_MEM_BLOCK_SIZE_15,
        -:   77:    CFE_SB_MEM_BLOCK_SIZE_14,
        -:   78:    CFE_SB_MEM_BLOCK_SIZE_13,
        -:   79:    CFE_SB_MEM_BLOCK_SIZE_12,
        -:   80:    CFE_SB_MEM_BLOCK_SIZE_11,
        -:   81:    CFE_SB_MEM_BLOCK_SIZE_10,
        -:   82:    CFE_SB_MEM_BLOCK_SIZE_09,
        -:   83:    CFE_SB_MEM_BLOCK_SIZE_08,
        -:   84:    CFE_SB_MEM_BLOCK_SIZE_07,
        -:   85:    CFE_SB_MEM_BLOCK_SIZE_06,
        -:   86:    CFE_SB_MEM_BLOCK_SIZE_05,
        -:   87:    CFE_SB_MEM_BLOCK_SIZE_04,
        -:   88:    CFE_SB_MEM_BLOCK_SIZE_03,
        -:   89:    CFE_SB_MEM_BLOCK_SIZE_02,
        -:   90:    CFE_SB_MEM_BLOCK_SIZE_01
        -:   91:};
        -:   92:
        -:   93:
        -:   94:/******************************************************************************
        -:   95:**  Function:  CFE_SB_EarlyInit()
        -:   96:**
        -:   97:**  Purpose:
        -:   98:**    Initialize the Software Bus routing tables.
        -:   99:**
        -:  100:**  Arguments:
        -:  101:**
        -:  102:**  Notes:
        -:  103:**    This function MUST be called before any SB API's are called.
        -:  104:**
        -:  105:**  Return:
        -:  106:**    CFE_SUCCESS
        -:  107:*/
      243:  108:int32 CFE_SB_EarlyInit (void) {
        -:  109:
      243:  110:    int32 Stat = CFE_SUCCESS;
        -:  111:
      243:  112:    CFE_SB_Default_Qos.Priority    = CFE_SB_QOS_LOW_PRIORITY;
      243:  113:    CFE_SB_Default_Qos.Reliability = CFE_SB_QOS_LOW_RELIABILITY;
        -:  114:
      243:  115:    Stat = OS_MutSemCreate(&CFE_SB.SharedDataMutexId, "CFE_SB_DataMutex", 0);
      243:  116:    if(Stat != OS_SUCCESS){
        1:  117:      CFE_ES_WriteToSysLog("SB shared data mutex creation failed! RC=0x%08x\n",Stat);
        1:  118:      return Stat;
        -:  119:    }/* end if */
        -:  120:    
        -:  121:    /* Initialize the state of susbcription reporting */
      242:  122:    CFE_SB.SubscriptionReporting = CFE_SB_DISABLE;
        -:  123:
        -:  124:     /* Initialize memory partition. */
      242:  125:    Stat = CFE_SB_InitBuffers();
      242:  126:    if(Stat != CFE_SUCCESS){
        -:  127:      /* error reported in CFE_SB_InitBuffers */
        1:  128:      return Stat;
        -:  129:    }/* end if */
        -:  130:
        -:  131:    /* Initialize the pipe table. */
      241:  132:    CFE_SB_InitPipeTbl();
        -:  133:
        -:  134:    /* Initialize the routing index look up table */
      241:  135:    CFE_SB_InitMsgMap();
        -:  136:
        -:  137:    /* Initialize the routing table. */
      241:  138:    CFE_SB_InitRoutingTbl();
        -:  139:    
        -:  140:    /* Initialize the SB Statistics Pkt */
      241:  141:    CFE_SB_InitMsg(&CFE_SB.StatTlmMsg.Hdr.Pri,
        -:  142:                   CFE_SB_STATS_TLM_MID,
        -:  143:                   sizeof(CFE_SB_StatMsg_t),
        -:  144:                   TRUE);    
        -:  145:
      241:  146:    return Stat;
        -:  147:
      243:  148:}/* end CFE_SB_EarlyInit */
        -:  149:
        -:  150:
        -:  151:
        -:  152:/******************************************************************************
        -:  153:**  Function:  CFE_SB_InitBuffers()
        -:  154:**
        -:  155:**  Purpose:
        -:  156:**    Initialize the Software Bus Buffer Pool.
        -:  157:**
        -:  158:**  Arguments:
        -:  159:**
        -:  160:**  Notes:
        -:  161:**    This function MUST be called before any SB API's are called.
        -:  162:**
        -:  163:**  Return:
        -:  164:**    none
        -:  165:*/
      242:  166:int32  CFE_SB_InitBuffers(void) {
        -:  167:
      242:  168:    int32 Stat = 0;
        -:  169:
      242:  170:    Stat = CFE_ES_PoolCreateEx(&CFE_SB.Mem.PoolHdl, 
        -:  171:                                CFE_SB.Mem.Partition, 
        -:  172:                                CFE_SB_BUF_MEMORY_BYTES, 
        -:  173:                                CFE_ES_MAX_MEMPOOL_BLOCK_SIZES, 
        -:  174:                                &CFE_SB_MemPoolDefSize[0]);
        -:  175:    
      242:  176:    if(Stat != CFE_SUCCESS){
        1:  177:        CFE_ES_WriteToSysLog("PoolCreate failed for SB Buffers, gave adr 0x%x,size %d,stat=0x%x\n",
        -:  178:                             CFE_SB.Mem.Partition,CFE_SB_BUF_MEMORY_BYTES,Stat);
        1:  179:        return Stat;
        -:  180:    }
        -:  181:    
      241:  182:    return CFE_SUCCESS;
        -:  183:    
      242:  184:}/* end CFE_SB_InitBuffers */
        -:  185:
        -:  186:
        -:  187:/******************************************************************************
        -:  188:**  Function:  CFE_SB_InitPipeTbl()
        -:  189:**
        -:  190:**  Purpose:
        -:  191:**    Initialize the Software Bus Pipe Table.
        -:  192:**
        -:  193:**  Arguments:
        -:  194:**
        -:  195:**  Notes:
        -:  196:**    This function MUST be called before any SB API's are called.
        -:  197:**
        -:  198:**  Return:
        -:  199:**    none
        -:  200:*/
      241:  201:void CFE_SB_InitPipeTbl(void){
        -:  202:
        -:  203:    uint8  i;
        -:  204:
    15665:  205:    for(i=0;i<CFE_SB_MAX_PIPES;i++){
    15424:  206:        CFE_SB.PipeTbl[i].InUse         = CFE_SB_NOT_IN_USE;
    15424:  207:        CFE_SB.PipeTbl[i].SysQueueId    = CFE_SB_UNUSED_QUEUE;
    15424:  208:        CFE_SB.PipeTbl[i].PipeId        = CFE_SB_INVALID_PIPE;
    15424:  209:        CFE_SB.PipeTbl[i].CurrentBuff   = NULL;
    15424:  210:        OS_MemSet(&CFE_SB.PipeTbl[i].PipeName[0],0,OS_MAX_API_NAME);
        -:  211:    }/* end for */
        -:  212:
        -:  213:}/* end CFE_SB_InitPipeTbl */
        -:  214:
        -:  215:
        -:  216:
        -:  217:/******************************************************************************
        -:  218:**  Function:  CFE_SB_InitMsgMap()
        -:  219:**
        -:  220:**  Purpose:
        -:  221:**    Initialize the Software Bus Message Map.
        -:  222:**
        -:  223:**  Arguments:
        -:  224:**
        -:  225:**  Notes:
        -:  226:**    This function MUST be called before any SB API's are called.
        -:  227:**
        -:  228:**  Return:
        -:  229:**    none
        -:  230:*/
      241:  231:void CFE_SB_InitMsgMap(void){
        -:  232:
        -:  233:#ifdef MESSAGE_FORMAT_IS_CCSDS
        -:  234:
        -:  235:    uint16      appId;
        -:  236:
  1974513:  237:    for (appId=0; appId < (CFE_SB_HIGHEST_VALID_MSGID + 1); appId++) {
  1974272:  238:        CFE_SB.MsgMap[appId] = CFE_SB_AVAILABLE;
        -:  239:    }
        -:  240:
        -:  241:#endif
        -:  242:
        -:  243:}/* end CFE_SB_InitMsgMap */
        -:  244:
        -:  245:
        -:  246:
        -:  247:/******************************************************************************
        -:  248:**  Function:  CFE_SB_InitRoutingTbl()
        -:  249:**
        -:  250:**  Purpose:
        -:  251:**    Initialize the Software Bus Routing Table.
        -:  252:**
        -:  253:**  Arguments:
        -:  254:**
        -:  255:**  Notes:
        -:  256:**    This function MUST be called before any SB API's are called.
        -:  257:**
        -:  258:**  Return:
        -:  259:**    none
        -:  260:*/
      241:  261:void CFE_SB_InitRoutingTbl(void){
        -:  262:
        -:  263:    uint32  i;
        -:  264:
        -:  265:    /* Initialize routing table */
    61937:  266:    for(i=0;i<CFE_SB_MAX_MSG_IDS;i++){
        -:  267:
    61696:  268:        CFE_SB.RoutingTbl[i].MsgId = CFE_SB_INVALID_MSG_ID;
    61696:  269:        CFE_SB.RoutingTbl[i].SeqCnt = 0;
    61696:  270:        CFE_SB.RoutingTbl[i].Destinations = 0;
    61696:  271:        CFE_SB.RoutingTbl[i].ListHeadPtr = NULL;
        -:  272:              
        -:  273:    }/* end for */
        -:  274:
        -:  275:}/* end CFE_SB_InitRoutingTbl */
        -:  276:
        -:  277:/*****************************************************************************/
